<?xml version="1.0" encoding="UTF-8"?>
<beans xmlns="http://www.springframework.org/schema/beans"
       xmlns:context="http://www.springframework.org/schema/context"
       xmlns:xsi="http://www.w3.org/2001/XMLSchema-instance"
       xsi:schemaLocation="http://www.springframework.org/schema/beans
       http://www.springframework.org/schema/beans/spring-beans.xsd
       http://www.springframework.org/schema/context
       http://www.springframework.org/schema/context/spring-context.xsd">

    <context:annotation-config/>

    <bean class="org.springframework.beans.factory.config.PropertyPlaceholderConfigurer">
        <property name="location" value="classpath:test-context.properties"/>
        <property name="ignoreUnresolvablePlaceholders" value="true"/>
    </bean>


    <bean id="stayFitDS" class="org.apache.commons.dbcp.BasicDataSource">
        <property name="url" value="jdbc:h2:mem:sportsClubDS"/>
        <property name="driverClassName" value="${sportsclub.db.driver}"/>
        <property name="username" value="sa"/>
        <property name="password" value=""/>
    </bean>

</beans>